<?xml version="1.0" encoding="UTF-8"?>
<!-- Generated by org.testng.reporters.JUnitReportReporter -->
<testsuite skipped="0" hostname="Baldevs-MacBook-Pro.local" name="cucumberrunner.CucumberRunner" tests="1" failures="0" timestamp="2022-11-21T09:53:59 IST" time="12.239" errors="1">
  <testcase name="runScenario" time="12.239" classname="cucumberrunner.CucumberRunner">
    <error type="java.lang.NullPointerException">
      <![CDATA[java.lang.NullPointerException
at stepdefinations.HomePageActions.visit_Stackoverflow(HomePageActions.java:23)
at ✽.Visit Stackoverflow(classpath:features/filterbytag.feature:4)
]]>
    </error>
  </testcase> <!-- runScenario -->
  <system-out/>
</testsuite> <!-- cucumberrunner.CucumberRunner -->
