<?xml version="1.0" encoding="UTF-8"?>
<!-- Generated by org.testng.reporters.JUnitXMLReporter -->
<testsuite hostname="Baldevs-MacBook-Pro.local" ignored="0" name="Run Tests" tests="1" failures="1" timestamp="2022-11-21T09:53:59 IST" time="12.588" errors="0">
  <testcase name="runScenario" time="12.239" classname="io.cucumber.testng.AbstractTestNGCucumberTests">
    <failure type="java.lang.NullPointerException">
      <![CDATA[java.lang.NullPointerException
at stepdefinations.HomePageActions.visit_Stackoverflow(HomePageActions.java:23)
at ✽.Visit Stackoverflow(classpath:features/filterbytag.feature:4)
]]>
    </failure>
  </testcase> <!-- runScenario -->
</testsuite> <!-- Run Tests -->
